Arguments: 
  C:\Program Files\nodejs\node.exe C:\Users\Hp\AppData\Roaming\npm\node_modules\yarn\bin\yarn.js add vue-recaptcha-v3

PATH: 
  C:\Program Files\Git\mingw64\bin;C:\Program Files\Git\usr\bin;C:\Users\Hp\bin;C:\Python39\Scripts;C:\Python39;C:\Program Files (x86)\Common Files\Oracle\Java\javapath;C:\WINDOWS\system32;C:\WINDOWS;C:\WINDOWS\System32\Wbem;C:\WINDOWS\System32\WindowsPowerShell\v1.0;C:\WINDOWS\System32\OpenSSH;C:\Program Files\Git\cmd;C:\Program Files\Java\jdk1.8.0_231\bin;C:\ProgramData\chocolatey\bin;C:\Program Files\nodejs;C:\Program Files\Docker\Docker\resources\bin;C:\ProgramData\DockerDesktop\version-bin;C:\xampp\php;C:\ProgramData\ComposerSetup\bin;C:\Users\Hp\AppData\Local\Microsoft\WindowsApps;C:\Users\Hp\AppData\Local\Programs\Microsoft VS Code\bin;C:\Users\Hp\AppData\Roaming\npm;C:\Program Files\heroku\bin;C:\Users\Hp\AppData\Roaming\Composer\vendor\bin

Yarn version: 
  1.22.10

Node version: 
  14.16.0

Platform: 
  win32 x64

Trace: 
  Error: EPERM: operation not permitted, unlink 'C:\Users\Hp\MYAPP\xlt_frontend\xlt_project\node_modules\esbuild-windows-64\esbuild.exe'

npm manifest: 
  {
    "name": "xlt_project",
    "version": "0.0.0",
    "scripts": {
      "lint": "eslint --ext .js,.vue --ignore-path .gitignore --fix src",
      "format": "prettier .  --write",
      "dev": "vite",
      "build": "vite build",
      "serve": "vite preview"
    },
    "dependencies": {
      "@vueuse/core": "^6.9.1",
      "@vueuse/integrations": "^6.9.1",
      "@yzfe/svgicon": "^1.1.0",
      "@yzfe/vue3-svgicon": "^1.0.1",
      "axios": "^0.23.0",
      "ky": "^0.28.7",
      "lodash-es": "^4.17.21",
      "nprogress": "^0.2.0",
      "router": "^1.3.6",
      "swiper": "^7.3.0",
      "vee-validate": "^4.5.6",
      "vite-plugin-svgicon": "^1.0.0",
      "vue": "^3.2.16",
      "vue-axios": "^3.4.0",
      "vue-easy-lightbox": "^1.2.4",
      "vue-router": "^4.0.12",
      "vue-toastification": "^2.0.0-rc.5",
      "vue3-progress": "*",
      "vue3-star-ratings": "^1.0.7",
      "yup": "^0.32.11"
    },
    "devDependencies": {
      "@vitejs/plugin-vue": "^1.9.3",
      "eslint": "^8.2.0",
      "eslint-config-prettier": "^8.3.0",
      "eslint-plugin-vue": "^8.0.3",
      "prettier": "2.4.1",
      "sass": "^1.43.4",
      "sass-loader": "^12.3.0",
      "vite": "^2.6.4",
      "vuex-module-decorators": "^2.0.0"
    }
  }

yarn manifest: 
  No manifest

Lockfile: 
  No lockfile
